SafeFoodie_Fresh/build/app/intermediates/manifest_merge_blame_file/debug/manifest-merger-blame-debug-report.txt
1<?xml version="1.0" encoding="utf-8"?>
2<manifest xmlns:android="http://schemas.android.com/apk/res/android"
3    package="com.example.safefoodie_fresh"
4    android:versionCode="1"
5    android:versionName="1.0.0" >
6
7    <uses-sdk
8        android:minSdkVersion="21"
9        android:targetSdkVersion="31" />
10    <!--
11         The INTERNET permission is required for development. Specifically,
12         the Flutter tool needs it to communicate with the running application
13         to allow setting breakpoints, to provide hot reload, etc.
14    -->
15    <uses-permission android:name="android.permission.INTERNET" />
15-->src\debug\AndroidManifest.xml:7:5-66
15-->src\debug\AndroidManifest.xml:7:22-64
16    <uses-permission android:name="android.permission.FOREGROUND_SERVICE" />
16-->[:geolocator_android] AndroidManifest.xml:9:5-77
16-->[:geolocator_android] AndroidManifest.xml:9:22-74
17    <uses-permission android:name="android.permission.POST_NOTIFICATIONS" />
17-->[:awesome_notifications] AndroidManifest.xml:9:5-77
17-->[:awesome_notifications] AndroidManifest.xml:9:22-74
18    <uses-permission android:name="android.permission.BROADCAST_CLOSE_SYSTEM_DIALOGS" />
18-->[:awesome_notifications] AndroidManifest.xml:10:5-89
18-->[:awesome_notifications] AndroidManifest.xml:10:22-86
19    <uses-permission android:name="android.permission.RECEIVE_BOOT_COMPLETED" />
19-->[:awesome_notifications] AndroidManifest.xml:11:5-81
19-->[:awesome_notifications] AndroidManifest.xml:11:22-78
20    <uses-permission android:name="android.permission.VIBRATE" />
20-->[:awesome_notifications] AndroidManifest.xml:12:5-66
20-->[:awesome_notifications] AndroidManifest.xml:12:22-63
21    <uses-permission android:name="android.permission.ACCESS_COARSE_LOCATION" />
21-->[:location] AndroidManifest.xml:9:5-81
21-->[:location] AndroidManifest.xml:9:22-78
22    <uses-permission android:name="android.permission.ACCESS_FINE_LOCATION" /> <!-- Include required permissions for Google Maps API to run. -->
22-->[:location] AndroidManifest.xml:10:5-79
22-->[:location] AndroidManifest.xml:10:22-76
23    <uses-permission android:name="android.permission.ACCESS_NETWORK_STATE" />
23-->[com.google.android.gms:play-services-maps:18.1.0] AndroidManifest.xml:23:5-79
23-->[com.google.android.gms:play-services-maps:18.1.0] AndroidManifest.xml:23:22-76
24
25    <uses-feature
25-->[com.google.android.gms:play-services-maps:18.1.0] AndroidManifest.xml:26:5-28:35
26        android:glEsVersion="0x00020000"
26-->[com.google.android.gms:play-services-maps:18.1.0] AndroidManifest.xml:27:9-41
27        android:required="true" />
27-->[com.google.android.gms:play-services-maps:18.1.0] AndroidManifest.xml:28:9-32
28
29    <queries>
29-->[com.google.android.gms:play-services-maps:18.1.0] AndroidManifest.xml:30:5-34:15
30
31        <!-- Needs to be explicitly declared on Android R+ -->
32        <package android:name="com.google.android.apps.maps" />
32-->[com.google.android.gms:play-services-maps:18.1.0] AndroidManifest.xml:33:9-64
32-->[com.google.android.gms:play-services-maps:18.1.0] AndroidManifest.xml:33:18-61
33    </queries> <!-- for android -->
34    <!-- <uses-permission android:name="com.android.launcher.permission.READ_SETTINGS"/> -->
35    <!-- <uses-permission android:name="com.android.launcher.permission.WRITE_SETTINGS"/> -->
36    <!-- <uses-permission android:name="com.android.launcher.permission.INSTALL_SHORTCUT" /> -->
37    <!-- <uses-permission android:name="com.android.launcher.permission.UNINSTALL_SHORTCUT" /> -->
38    <!-- for Samsung -->
39    <uses-permission android:name="com.sec.android.provider.badge.permission.READ" />
39-->[me.leolin:ShortcutBadger:1.1.22] AndroidManifest.xml:19:5-86
39-->[me.leolin:ShortcutBadger:1.1.22] AndroidManifest.xml:19:22-83
40    <uses-permission android:name="com.sec.android.provider.badge.permission.WRITE" /> <!-- for htc -->
40-->[me.leolin:ShortcutBadger:1.1.22] AndroidManifest.xml:20:5-87
40-->[me.leolin:ShortcutBadger:1.1.22] AndroidManifest.xml:20:22-84
41    <uses-permission android:name="com.htc.launcher.permission.READ_SETTINGS" />
41-->[me.leolin:ShortcutBadger:1.1.22] AndroidManifest.xml:23:5-81
41-->[me.leolin:ShortcutBadger:1.1.22] AndroidManifest.xml:23:22-78
42    <uses-permission android:name="com.htc.launcher.permission.UPDATE_SHORTCUT" /> <!-- for sony -->
42-->[me.leolin:ShortcutBadger:1.1.22] AndroidManifest.xml:24:5-83
42-->[me.leolin:ShortcutBadger:1.1.22] AndroidManifest.xml:24:22-80
43    <uses-permission android:name="com.sonyericsson.home.permission.BROADCAST_BADGE" />
43-->[me.leolin:ShortcutBadger:1.1.22] AndroidManifest.xml:27:5-88
43-->[me.leolin:ShortcutBadger:1.1.22] AndroidManifest.xml:27:22-85
44    <uses-permission android:name="com.sonymobile.home.permission.PROVIDER_INSERT_BADGE" /> <!-- for apex -->
44-->[me.leolin:ShortcutBadger:1.1.22] AndroidManifest.xml:28:5-92
44-->[me.leolin:ShortcutBadger:1.1.22] AndroidManifest.xml:28:22-89
45    <uses-permission android:name="com.anddoes.launcher.permission.UPDATE_COUNT" /> <!-- for solid -->
45-->[me.leolin:ShortcutBadger:1.1.22] AndroidManifest.xml:31:5-84
45-->[me.leolin:ShortcutBadger:1.1.22] AndroidManifest.xml:31:22-81
46    <uses-permission android:name="com.majeur.launcher.permission.UPDATE_BADGE" /> <!-- for huawei -->
46-->[me.leolin:ShortcutBadger:1.1.22] AndroidManifest.xml:34:5-83
46-->[me.leolin:ShortcutBadger:1.1.22] AndroidManifest.xml:34:22-80
47    <uses-permission android:name="com.huawei.android.launcher.permission.CHANGE_BADGE" />
47-->[me.leolin:ShortcutBadger:1.1.22] AndroidManifest.xml:37:5-91
47-->[me.leolin:ShortcutBadger:1.1.22] AndroidManifest.xml:37:22-88
48    <uses-permission android:name="com.huawei.android.launcher.permission.READ_SETTINGS" />
48-->[me.leolin:ShortcutBadger:1.1.22] AndroidManifest.xml:38:5-92
48-->[me.leolin:ShortcutBadger:1.1.22] AndroidManifest.xml:38:22-89
49    <uses-permission android:name="com.huawei.android.launcher.permission.WRITE_SETTINGS" /> <!-- for ZUK -->
49-->[me.leolin:ShortcutBadger:1.1.22] AndroidManifest.xml:39:5-93
49-->[me.leolin:ShortcutBadger:1.1.22] AndroidManifest.xml:39:22-90
50    <uses-permission android:name="android.permission.READ_APP_BADGE" /> <!-- for OPPO -->
50-->[me.leolin:ShortcutBadger:1.1.22] AndroidManifest.xml:42:5-73
50-->[me.leolin:ShortcutBadger:1.1.22] AndroidManifest.xml:42:22-70
51    <uses-permission android:name="com.oppo.launcher.permission.READ_SETTINGS" />
51-->[me.leolin:ShortcutBadger:1.1.22] AndroidManifest.xml:45:5-82
51-->[me.leolin:ShortcutBadger:1.1.22] AndroidManifest.xml:45:22-79
52    <uses-permission android:name="com.oppo.launcher.permission.WRITE_SETTINGS" /> <!-- for EvMe -->
52-->[me.leolin:ShortcutBadger:1.1.22] AndroidManifest.xml:46:5-83
52-->[me.leolin:ShortcutBadger:1.1.22] AndroidManifest.xml:46:22-80
53    <uses-permission android:name="me.everything.badger.permission.BADGE_COUNT_READ" />
53-->[me.leolin:ShortcutBadger:1.1.22] AndroidManifest.xml:49:5-88
53-->[me.leolin:ShortcutBadger:1.1.22] AndroidManifest.xml:49:22-85
54    <uses-permission android:name="me.everything.badger.permission.BADGE_COUNT_WRITE" />
54-->[me.leolin:ShortcutBadger:1.1.22] AndroidManifest.xml:50:5-89
54-->[me.leolin:ShortcutBadger:1.1.22] AndroidManifest.xml:50:22-86
55
56    <application
57        android:name="android.app.Application"
58        android:appComponentFactory="androidx.core.app.CoreComponentFactory"
58-->[androidx.core:core:1.8.0] AndroidManifest.xml:24:18-86
59        android:debuggable="true"
60        android:icon="@mipmap/ic_launcher"
61        android:label="safefoodie_fresh" >
62        <meta-data
63            android:name="com.google.android.geo.API_KEY"
64            android:value="AIzaSyCsDhJbzYY3XIAvWlbquJRS3_B6iDidcXI" />
65
66        <activity
67            android:name="com.example.safefoodie_fresh.MainActivity"
68            android:configChanges="orientation|keyboardHidden|keyboard|screenSize|smallestScreenSize|locale|layoutDirection|fontScale|screenLayout|density|uiMode"
69            android:exported="true"
70            android:hardwareAccelerated="true"
71            android:launchMode="singleTop"
72            android:theme="@style/LaunchTheme"
73            android:windowSoftInputMode="adjustResize" >
74
75            <!--
76                 Specifies an Android theme to apply to this Activity as soon as
77                 the Android process has started. This theme is visible to the user
78                 while the Flutter UI initializes. After that, this theme continues
79                 to determine the Window background behind the Flutter UI.
80            -->
81            <meta-data
82                android:name="io.flutter.embedding.android.NormalTheme"
83                android:resource="@style/NormalTheme" />
84
85            <intent-filter>
86                <action android:name="android.intent.action.MAIN" />
87
88                <category android:name="android.intent.category.LAUNCHER" />
89            </intent-filter>
90        </activity>
91        <!--
92             Don't delete the meta-data below.
93             This is used by the Flutter tool to generate GeneratedPluginRegistrant.java
94        -->
95        <meta-data
96            android:name="flutterEmbedding"
97            android:value="2" />
98
99        <service
99-->[:firebase_auth] AndroidManifest.xml:10:9-14:19
100            android:name="com.google.firebase.components.ComponentDiscoveryService"
100-->[:firebase_auth] AndroidManifest.xml:10:18-89
101            android:directBootAware="true"
101-->[com.google.firebase:firebase-common:20.2.0] AndroidManifest.xml:34:13-43
102            android:exported="false" >
102-->[com.google.firebase:firebase-auth:21.1.0] AndroidManifest.xml:66:13-37
103            <meta-data
103-->[:firebase_auth] AndroidManifest.xml:11:13-13:85
104                android:name="com.google.firebase.components:io.flutter.plugins.firebase.auth.FlutterFirebaseAuthRegistrar"
104-->[:firebase_auth] AndroidManifest.xml:12:17-124
105                android:value="com.google.firebase.components.ComponentRegistrar" />
105-->[:firebase_auth] AndroidManifest.xml:13:17-82
106            <meta-data
106-->[:cloud_firestore] AndroidManifest.xml:11:13-13:85
107                android:name="com.google.firebase.components:io.flutter.plugins.firebase.firestore.FlutterFirebaseFirestoreRegistrar"
107-->[:cloud_firestore] AndroidManifest.xml:12:17-134
108                android:value="com.google.firebase.components.ComponentRegistrar" />
108-->[:cloud_firestore] AndroidManifest.xml:13:17-82
109            <meta-data
109-->[:firebase_core] AndroidManifest.xml:11:13-13:85
110                android:name="com.google.firebase.components:io.flutter.plugins.firebase.core.FlutterFirebaseCoreRegistrar"
110-->[:firebase_core] AndroidManifest.xml:12:17-124
111                android:value="com.google.firebase.components.ComponentRegistrar" />
111-->[:firebase_core] AndroidManifest.xml:13:17-82
112            <meta-data
112-->[com.google.firebase:firebase-auth:21.1.0] AndroidManifest.xml:67:13-69:85
113                android:name="com.google.firebase.components:com.google.firebase.auth.FirebaseAuthRegistrar"
113-->[com.google.firebase:firebase-auth:21.1.0] AndroidManifest.xml:68:17-109
114                android:value="com.google.firebase.components.ComponentRegistrar" />
114-->[com.google.firebase:firebase-auth:21.1.0] AndroidManifest.xml:69:17-82
115            <meta-data
115-->[com.google.firebase:firebase-firestore:24.4.0] AndroidManifest.xml:19:13-21:85
116                android:name="com.google.firebase.components:com.google.firebase.firestore.FirestoreRegistrar"
116-->[com.google.firebase:firebase-firestore:24.4.0] AndroidManifest.xml:20:17-111
117                android:value="com.google.firebase.components.ComponentRegistrar" />
117-->[com.google.firebase:firebase-firestore:24.4.0] AndroidManifest.xml:21:17-82
118        </service>
119        <service
119-->[:geolocator_android] AndroidManifest.xml:12:9-16:56
120            android:name="com.baseflow.geolocator.GeolocatorLocationService"
120-->[:geolocator_android] AndroidManifest.xml:13:13-77
121            android:enabled="true"
121-->[:geolocator_android] AndroidManifest.xml:14:13-35
122            android:exported="false"
122-->[:geolocator_android] AndroidManifest.xml:15:13-37
123            android:foregroundServiceType="location" />
123-->[:geolocator_android] AndroidManifest.xml:16:13-53
124
125        <receiver
125-->[:awesome_notifications] AndroidManifest.xml:15:9-17:39
126            android:name="me.carda.awesome_notifications.DartNotificationActionReceiver"
126-->[:awesome_notifications] AndroidManifest.xml:16:13-89
127            android:exported="true" />
127-->[:awesome_notifications] AndroidManifest.xml:17:13-36
128        <receiver
128-->[:awesome_notifications] AndroidManifest.xml:18:9-20:39
129            android:name="me.carda.awesome_notifications.DartDismissedNotificationReceiver"
129-->[:awesome_notifications] AndroidManifest.xml:19:13-92
130            android:exported="true" />
130-->[:awesome_notifications] AndroidManifest.xml:20:13-36
131        <receiver
131-->[:awesome_notifications] AndroidManifest.xml:21:9-23:39
132            android:name="me.carda.awesome_notifications.DartScheduledNotificationReceiver"
132-->[:awesome_notifications] AndroidManifest.xml:22:13-92
133            android:exported="true" />
133-->[:awesome_notifications] AndroidManifest.xml:23:13-36
134        <receiver
134-->[:awesome_notifications] AndroidManifest.xml:24:9-38:20
135            android:name="me.carda.awesome_notifications.DartRefreshSchedulesReceiver"
135-->[:awesome_notifications] AndroidManifest.xml:25:13-87
136            android:enabled="true"
136-->[:awesome_notifications] AndroidManifest.xml:26:13-35
137            android:exported="true" >
137-->[:awesome_notifications] AndroidManifest.xml:27:13-36
138            <intent-filter>
138-->[:awesome_notifications] AndroidManifest.xml:28:13-37:29
139                <category android:name="android.intent.category.DEFAULT" />
139-->[:awesome_notifications] AndroidManifest.xml:29:17-76
139-->[:awesome_notifications] AndroidManifest.xml:29:27-73
140
141                <action android:name="android.intent.action.BOOT_COMPLETED" />
141-->[:awesome_notifications] AndroidManifest.xml:31:17-79
141-->[:awesome_notifications] AndroidManifest.xml:31:25-76
142                <action android:name="android.intent.action.LOCKED_BOOT_COMPLETED" />
142-->[:awesome_notifications] AndroidManifest.xml:32:17-86
142-->[:awesome_notifications] AndroidManifest.xml:32:25-83
143                <action android:name="android.intent.action.MY_PACKAGE_REPLACED" />
143-->[:awesome_notifications] AndroidManifest.xml:33:17-84
143-->[:awesome_notifications] AndroidManifest.xml:33:25-81
144                <action android:name="android.intent.action.QUICKBOOT_POWERON" />
144-->[:awesome_notifications] AndroidManifest.xml:34:17-82
144-->[:awesome_notifications] AndroidManifest.xml:34:25-79
145                <action android:name="com.htc.intent.action.QUICKBOOT_POWERON" />
145-->[:awesome_notifications] AndroidManifest.xml:35:17-82
145-->[:awesome_notifications] AndroidManifest.xml:35:25-79
146                <action android:name="android.app.action.SCHEDULE_EXACT_ALARM_PERMISSION_STATE_CHANGED" />
146-->[:awesome_notifications] AndroidManifest.xml:36:17-107
146-->[:awesome_notifications] AndroidManifest.xml:36:25-104
147            </intent-filter>
148        </receiver>
149
150        <service
150-->[:awesome_notifications] AndroidManifest.xml:40:9-43:72
151            android:name="me.carda.awesome_notifications.DartBackgroundService"
151-->[:awesome_notifications] AndroidManifest.xml:41:13-80
152            android:exported="false"
152-->[:awesome_notifications] AndroidManifest.xml:42:13-37
153            android:permission="android.permission.BIND_JOB_SERVICE" />
153-->[:awesome_notifications] AndroidManifest.xml:43:13-69
154        <service
154-->[:awesome_notifications] AndroidManifest.xml:44:9-49:43
155            android:name="me.carda.awesome_notifications.core.services.ForegroundService"
155-->[:awesome_notifications] AndroidManifest.xml:45:13-90
156            android:enabled="true"
156-->[:awesome_notifications] AndroidManifest.xml:46:13-35
157            android:exported="false"
157-->[:awesome_notifications] AndroidManifest.xml:47:13-37
158            android:foregroundServiceType="phoneCall"
158-->[:awesome_notifications] AndroidManifest.xml:48:13-54
159            android:stopWithTask="true" />
159-->[:awesome_notifications] AndroidManifest.xml:49:13-40
160        <service
160-->[:location] AndroidManifest.xml:13:9-17:56
161            android:name="com.lyokone.location.FlutterLocationService"
161-->[:location] AndroidManifest.xml:14:13-71
162            android:enabled="true"
162-->[:location] AndroidManifest.xml:15:13-35
163            android:exported="false"
163-->[:location] AndroidManifest.xml:16:13-37
164            android:foregroundServiceType="location" /> <!-- Needs to be explicitly declared on P+ -->
164-->[:location] AndroidManifest.xml:17:13-53
165        <uses-library
165-->[com.google.android.gms:play-services-maps:18.1.0] AndroidManifest.xml:39:9-41:40
166            android:name="org.apache.http.legacy"
166-->[com.google.android.gms:play-services-maps:18.1.0] AndroidManifest.xml:40:13-50
167            android:required="false" />
167-->[com.google.android.gms:play-services-maps:18.1.0] AndroidManifest.xml:41:13-37
168
169        <activity
169-->[com.google.firebase:firebase-auth:21.1.0] AndroidManifest.xml:27:9-44:20
170            android:name="com.google.firebase.auth.internal.GenericIdpActivity"
170-->[com.google.firebase:firebase-auth:21.1.0] AndroidManifest.xml:28:13-80
171            android:excludeFromRecents="true"
171-->[com.google.firebase:firebase-auth:21.1.0] AndroidManifest.xml:29:13-46
172            android:exported="true"
172-->[com.google.firebase:firebase-auth:21.1.0] AndroidManifest.xml:30:13-36
173            android:launchMode="singleTask"
173-->[com.google.firebase:firebase-auth:21.1.0] AndroidManifest.xml:31:13-44
174            android:theme="@android:style/Theme.Translucent.NoTitleBar" >
174-->[com.google.firebase:firebase-auth:21.1.0] AndroidManifest.xml:32:13-72
175            <intent-filter>
175-->[com.google.firebase:firebase-auth:21.1.0] AndroidManifest.xml:33:13-43:29
176                <action android:name="android.intent.action.VIEW" />
176-->[com.google.firebase:firebase-auth:21.1.0] AndroidManifest.xml:34:17-69
176-->[com.google.firebase:firebase-auth:21.1.0] AndroidManifest.xml:34:25-66
177
178                <category android:name="android.intent.category.DEFAULT" />
178-->[:awesome_notifications] AndroidManifest.xml:29:17-76
178-->[:awesome_notifications] AndroidManifest.xml:29:27-73
179                <category android:name="android.intent.category.BROWSABLE" />
179-->[com.google.firebase:firebase-auth:21.1.0] AndroidManifest.xml:37:17-78
179-->[com.google.firebase:firebase-auth:21.1.0] AndroidManifest.xml:37:27-75
180
181                <data
181-->[com.google.firebase:firebase-auth:21.1.0] AndroidManifest.xml:39:17-42:51
182                    android:host="firebase.auth"
182-->[com.google.firebase:firebase-auth:21.1.0] AndroidManifest.xml:40:21-49
183                    android:path="/"
183-->[com.google.firebase:firebase-auth:21.1.0] AndroidManifest.xml:41:21-37
184                    android:scheme="genericidp" />
184-->[com.google.firebase:firebase-auth:21.1.0] AndroidManifest.xml:42:21-48
185            </intent-filter>
186        </activity>
187        <activity
187-->[com.google.firebase:firebase-auth:21.1.0] AndroidManifest.xml:45:9-62:20
188            android:name="com.google.firebase.auth.internal.RecaptchaActivity"
188-->[com.google.firebase:firebase-auth:21.1.0] AndroidManifest.xml:46:13-79
189            android:excludeFromRecents="true"
189-->[com.google.firebase:firebase-auth:21.1.0] AndroidManifest.xml:47:13-46
190            android:exported="true"
190-->[com.google.firebase:firebase-auth:21.1.0] AndroidManifest.xml:48:13-36
191            android:launchMode="singleTask"
191-->[com.google.firebase:firebase-auth:21.1.0] AndroidManifest.xml:49:13-44
192            android:theme="@android:style/Theme.Translucent.NoTitleBar" >
192-->[com.google.firebase:firebase-auth:21.1.0] AndroidManifest.xml:50:13-72
193            <intent-filter>
193-->[com.google.firebase:firebase-auth:21.1.0] AndroidManifest.xml:51:13-61:29
194                <action android:name="android.intent.action.VIEW" />
194-->[com.google.firebase:firebase-auth:21.1.0] AndroidManifest.xml:34:17-69
194-->[com.google.firebase:firebase-auth:21.1.0] AndroidManifest.xml:34:25-66
195
196                <category android:name="android.intent.category.DEFAULT" />
196-->[:awesome_notifications] AndroidManifest.xml:29:17-76
196-->[:awesome_notifications] AndroidManifest.xml:29:27-73
197                <category android:name="android.intent.category.BROWSABLE" />
197-->[com.google.firebase:firebase-auth:21.1.0] AndroidManifest.xml:37:17-78
197-->[com.google.firebase:firebase-auth:21.1.0] AndroidManifest.xml:37:27-75
198
199                <data
199-->[com.google.firebase:firebase-auth:21.1.0] AndroidManifest.xml:39:17-42:51
200                    android:host="firebase.auth"
200-->[com.google.firebase:firebase-auth:21.1.0] AndroidManifest.xml:40:21-49
201                    android:path="/"
201-->[com.google.firebase:firebase-auth:21.1.0] AndroidManifest.xml:41:21-37
202                    android:scheme="recaptcha" />
202-->[com.google.firebase:firebase-auth:21.1.0] AndroidManifest.xml:42:21-48
203            </intent-filter>
204        </activity>
205        <activity
205-->[com.google.android.gms:play-services-base:18.0.1] AndroidManifest.xml:20:9-22:45
206            android:name="com.google.android.gms.common.api.GoogleApiActivity"
206-->[com.google.android.gms:play-services-base:18.0.1] AndroidManifest.xml:20:19-85
207            android:exported="false"
207-->[com.google.android.gms:play-services-base:18.0.1] AndroidManifest.xml:22:19-43
208            android:theme="@android:style/Theme.Translucent.NoTitleBar" />
208-->[com.google.android.gms:play-services-base:18.0.1] AndroidManifest.xml:21:19-78
209
210        <provider
210-->[com.google.firebase:firebase-common:20.2.0] AndroidManifest.xml:25:9-30:39
211            android:name="com.google.firebase.provider.FirebaseInitProvider"
211-->[com.google.firebase:firebase-common:20.2.0] AndroidManifest.xml:26:13-77
212            android:authorities="com.example.safefoodie_fresh.firebaseinitprovider"
212-->[com.google.firebase:firebase-common:20.2.0] AndroidManifest.xml:27:13-72
213            android:directBootAware="true"
213-->[com.google.firebase:firebase-common:20.2.0] AndroidManifest.xml:28:13-43
214            android:exported="false"
214-->[com.google.firebase:firebase-common:20.2.0] AndroidManifest.xml:29:13-37
215            android:initOrder="100" />
215-->[com.google.firebase:firebase-common:20.2.0] AndroidManifest.xml:30:13-36
216
217        <meta-data
217-->[com.google.android.gms:play-services-basement:18.1.0] AndroidManifest.xml:21:9-23:69
218            android:name="com.google.android.gms.version"
218-->[com.google.android.gms:play-services-basement:18.1.0] AndroidManifest.xml:22:13-58
219            android:value="@integer/google_play_services_version" />
219-->[com.google.android.gms:play-services-basement:18.1.0] AndroidManifest.xml:23:13-66
220
221        <uses-library
221-->[androidx.window:window:1.0.0-beta04] AndroidManifest.xml:25:9-27:40
222            android:name="androidx.window.extensions"
222-->[androidx.window:window:1.0.0-beta04] AndroidManifest.xml:26:13-54
223            android:required="false" />
223-->[androidx.window:window:1.0.0-beta04] AndroidManifest.xml:27:13-37
224        <uses-library
224-->[androidx.window:window:1.0.0-beta04] AndroidManifest.xml:28:9-30:40
225            android:name="androidx.window.sidecar"
225-->[androidx.window:window:1.0.0-beta04] AndroidManifest.xml:29:13-51
226            android:required="false" />
226-->[androidx.window:window:1.0.0-beta04] AndroidManifest.xml:30:13-37
227
228        <provider
228-->[androidx.emoji2:emoji2:1.2.0] AndroidManifest.xml:24:9-32:20
229            android:name="androidx.startup.InitializationProvider"
229-->[androidx.emoji2:emoji2:1.2.0] AndroidManifest.xml:25:13-67
230            android:authorities="com.example.safefoodie_fresh.androidx-startup"
230-->[androidx.emoji2:emoji2:1.2.0] AndroidManifest.xml:26:13-68
231            android:exported="false" >
231-->[androidx.emoji2:emoji2:1.2.0] AndroidManifest.xml:27:13-37
232            <meta-data
232-->[androidx.emoji2:emoji2:1.2.0] AndroidManifest.xml:29:13-31:52
233                android:name="androidx.emoji2.text.EmojiCompatInitializer"
233-->[androidx.emoji2:emoji2:1.2.0] AndroidManifest.xml:30:17-75
234                android:value="androidx.startup" />
234-->[androidx.emoji2:emoji2:1.2.0] AndroidManifest.xml:31:17-49
235            <meta-data
235-->[androidx.lifecycle:lifecycle-process:2.5.1] AndroidManifest.xml:31:13-33:52
236                android:name="androidx.lifecycle.ProcessLifecycleInitializer"
236-->[androidx.lifecycle:lifecycle-process:2.5.1] AndroidManifest.xml:32:17-78
237                android:value="androidx.startup" />
237-->[androidx.lifecycle:lifecycle-process:2.5.1] AndroidManifest.xml:33:17-49
238        </provider>
239    </application>
240
241</manifest>